<?xml version="1.0" encoding="UTF-8"?>
<testsuite xmlns:xsi="http://www.w3.org/2001/XMLSchema-instance" xsi:noNamespaceSchemaLocation="https://maven.apache.org/surefire/maven-surefire-plugin/xsd/surefire-test-report.xsd" name="com.dao.MovieTypeDaoTest" time="4.648" tests="1" errors="1" skipped="0" failures="0">
  <properties>
[...]
</properties>
  <testcase name="queryAllMovieType" classname="com.dao.MovieTypeDaoTest" time="1.279">
    <error message="nested exception is org.apache.ibatis.exceptions.PersistenceException: &#10;### Error querying database.  Cause: org.springframework.jdbc.CannotGetJdbcConnectionException: Could not get JDBC Connection; nested exception is java.sql.SQLException: Connections could not be acquired from the underlying database!&#10;### The error may exist in file [D:\fos\target\classes\mapper\MovieTypeDao.xml]&#10;### The error may involve com.dao.MovieTypeDao.queryAllMovieType&#10;### The error occurred while executing a query&#10;### Cause: org.springframework.jdbc.CannotGetJdbcConnectionException: Could not get JDBC Connection; nested exception is java.sql.SQLException: Connections could not be acquired from the underlying database!" type="org.mybatis.spring.MyBatisSystemException">org.mybatis.spring.MyBatisSystemException: 
nested exception is org.apache.ibatis.exceptions.PersistenceException: 
### Error querying database.  Cause: org.springframework.jdbc.CannotGetJdbcConnectionException: Could not get JDBC Connection; nested exception is java.sql.SQLException: Connections could not be acquired from the underlying database!
### The error may exist in file [D:\fos\target\classes\mapper\MovieTypeDao.xml]
### The error may involve com.dao.MovieTypeDao.queryAllMovieType
### The error occurred while executing a query
### Cause: org.springframework.jdbc.CannotGetJdbcConnectionException: Could not get JDBC Connection; nested exception is java.sql.SQLException: Connections could not be acquired from the underlying database!
	at com.dao.MovieTypeDaoTest.queryAllMovieType(MovieTypeDaoTest.java:23)
Caused by: org.apache.ibatis.exceptions.PersistenceException: 

### Error querying database.  Cause: org.springframework.jdbc.CannotGetJdbcConnectionException: Could not get JDBC Connection; nested exception is java.sql.SQLException: Connections could not be acquired from the underlying database!
### The error may exist in file [D:\fos\target\classes\mapper\MovieTypeDao.xml]
### The error may involve com.dao.MovieTypeDao.queryAllMovieType
### The error occurred while executing a query
### Cause: org.springframework.jdbc.CannotGetJdbcConnectionException: Could not get JDBC Connection; nested exception is java.sql.SQLException: Connections could not be acquired from the underlying database!
	at com.dao.MovieTypeDaoTest.queryAllMovieType(MovieTypeDaoTest.java:23)
Caused by: org.springframework.jdbc.CannotGetJdbcConnectionException: Could not get JDBC Connection; nested exception is java.sql.SQLException: Connections could not be acquired from the underlying database!
	at com.dao.MovieTypeDaoTest.queryAllMovieType(MovieTypeDaoTest.java:23)
Caused by: java.sql.SQLException: Connections could not be acquired from the underlying database!
	at com.dao.MovieTypeDaoTest.queryAllMovieType(MovieTypeDaoTest.java:23)
Caused by: com.mchange.v2.resourcepool.CannotAcquireResourceException: A ResourcePool could not acquire a resource from its primary factory or source.
	at com.dao.MovieTypeDaoTest.queryAllMovieType(MovieTypeDaoTest.java:23)
</error>
    <system-out><![CDATA[11:10:18.344 [main] DEBUG org.apache.ibatis.logging.LogFactory - Logging initialized using 'class org.apache.ibatis.logging.slf4j.Slf4jImpl' adapter.
11:10:18.391 [main] DEBUG org.apache.ibatis.io.VFS - Class not found: org.jboss.vfs.VFS
11:10:18.391 [main] DEBUG org.apache.ibatis.io.JBoss6VFS - JBoss 6 VFS API is not available in this environment.
11:10:18.391 [main] DEBUG org.apache.ibatis.io.VFS - Class not found: org.jboss.vfs.VirtualFile
11:10:18.391 [main] DEBUG org.apache.ibatis.io.VFS - VFS implementation org.apache.ibatis.io.JBoss6VFS is not valid in this environment.
11:10:18.391 [main] DEBUG org.apache.ibatis.io.VFS - Using VFS adapter org.apache.ibatis.io.DefaultVFS
11:10:18.391 [main] DEBUG org.apache.ibatis.io.DefaultVFS - Find JAR URL: file:/D:/fos/target/classes/com/entity
11:10:18.391 [main] DEBUG org.apache.ibatis.io.DefaultVFS - Not a JAR: file:/D:/fos/target/classes/com/entity
11:10:18.422 [main] DEBUG org.apache.ibatis.io.DefaultVFS - Reader entry: Admin.class
11:10:18.422 [main] DEBUG org.apache.ibatis.io.DefaultVFS - Reader entry: Comment.class
11:10:18.422 [main] DEBUG org.apache.ibatis.io.DefaultVFS - Reader entry: Info.class
11:10:18.422 [main] DEBUG org.apache.ibatis.io.DefaultVFS - Reader entry: Movie.class
11:10:18.422 [main] DEBUG org.apache.ibatis.io.DefaultVFS - Reader entry: MovieType.class
11:10:18.422 [main] DEBUG org.apache.ibatis.io.DefaultVFS - Reader entry: Rank.class
11:10:18.422 [main] DEBUG org.apache.ibatis.io.DefaultVFS - Reader entry: User.class
11:10:18.422 [main] DEBUG org.apache.ibatis.io.DefaultVFS - Listing file:/D:/fos/target/classes/com/entity
11:10:18.422 [main] DEBUG org.apache.ibatis.io.DefaultVFS - Find JAR URL: file:/D:/fos/target/classes/com/entity/Admin.class
11:10:18.422 [main] DEBUG org.apache.ibatis.io.DefaultVFS - Not a JAR: file:/D:/fos/target/classes/com/entity/Admin.class
11:10:18.422 [main] DEBUG org.apache.ibatis.io.DefaultVFS - Reader entry: 漱壕&amp#0;&amp#0;&amp#0;3&amp#0;2
11:10:18.422 [main] DEBUG org.apache.ibatis.io.DefaultVFS - Find JAR URL: file:/D:/fos/target/classes/com/entity/Comment.class
11:10:18.422 [main] DEBUG org.apache.ibatis.io.DefaultVFS - Not a JAR: file:/D:/fos/target/classes/com/entity/Comment.class
11:10:18.422 [main] DEBUG org.apache.ibatis.io.DefaultVFS - Reader entry: 漱壕&amp#0;&amp#0;&amp#0;3&amp#0;<
11:10:18.422 [main] DEBUG org.apache.ibatis.io.DefaultVFS - Find JAR URL: file:/D:/fos/target/classes/com/entity/Info.class
11:10:18.422 [main] DEBUG org.apache.ibatis.io.DefaultVFS - Not a JAR: file:/D:/fos/target/classes/com/entity/Info.class
11:10:18.422 [main] DEBUG org.apache.ibatis.io.DefaultVFS - Reader entry: 漱壕&amp#0;&amp#0;&amp#0;3&amp#0;2
11:10:18.422 [main] DEBUG org.apache.ibatis.io.DefaultVFS - Find JAR URL: file:/D:/fos/target/classes/com/entity/Movie.class
11:10:18.422 [main] DEBUG org.apache.ibatis.io.DefaultVFS - Not a JAR: file:/D:/fos/target/classes/com/entity/Movie.class
11:10:18.422 [main] DEBUG org.apache.ibatis.io.DefaultVFS - Reader entry: 漱壕&amp#0;&amp#0;&amp#0;3&amp#0;:
11:10:18.422 [main] DEBUG org.apache.ibatis.io.DefaultVFS - Find JAR URL: file:/D:/fos/target/classes/com/entity/MovieType.class
11:10:18.422 [main] DEBUG org.apache.ibatis.io.DefaultVFS - Not a JAR: file:/D:/fos/target/classes/com/entity/MovieType.class
11:10:18.422 [main] DEBUG org.apache.ibatis.io.DefaultVFS - Reader entry: 漱壕&amp#0;&amp#0;&amp#0;3&amp#0; 
11:10:18.422 [main] DEBUG org.apache.ibatis.io.DefaultVFS - Find JAR URL: file:/D:/fos/target/classes/com/entity/Rank.class
11:10:18.422 [main] DEBUG org.apache.ibatis.io.DefaultVFS - Not a JAR: file:/D:/fos/target/classes/com/entity/Rank.class
11:10:18.422 [main] DEBUG org.apache.ibatis.io.DefaultVFS - Reader entry: 漱壕&amp#0;&amp#0;&amp#0;3&amp#0;"
11:10:18.422 [main] DEBUG org.apache.ibatis.io.DefaultVFS - Find JAR URL: file:/D:/fos/target/classes/com/entity/User.class
11:10:18.422 [main] DEBUG org.apache.ibatis.io.DefaultVFS - Not a JAR: file:/D:/fos/target/classes/com/entity/User.class
11:10:18.422 [main] DEBUG org.apache.ibatis.io.DefaultVFS - Reader entry: 漱壕&amp#0;&amp#0;&amp#0;3&amp#0;P
11:10:18.422 [main] DEBUG org.apache.ibatis.io.ResolverUtil - Checking to see if class com.entity.Admin matches criteria [is assignable to Object]
11:10:18.422 [main] DEBUG org.apache.ibatis.io.ResolverUtil - Checking to see if class com.entity.Comment matches criteria [is assignable to Object]
11:10:18.422 [main] DEBUG org.apache.ibatis.io.ResolverUtil - Checking to see if class com.entity.Info matches criteria [is assignable to Object]
11:10:18.422 [main] DEBUG org.apache.ibatis.io.ResolverUtil - Checking to see if class com.entity.Movie matches criteria [is assignable to Object]
11:10:18.422 [main] DEBUG org.apache.ibatis.io.ResolverUtil - Checking to see if class com.entity.MovieType matches criteria [is assignable to Object]
11:10:18.422 [main] DEBUG org.apache.ibatis.io.ResolverUtil - Checking to see if class com.entity.Rank matches criteria [is assignable to Object]
11:10:18.422 [main] DEBUG org.apache.ibatis.io.ResolverUtil - Checking to see if class com.entity.User matches criteria [is assignable to Object]
11:10:18.422 [main] DEBUG org.mybatis.spring.SqlSessionFactoryBean - Scanned package: 'com.entity' for aliases
Logging initialized using 'class org.apache.ibatis.logging.stdout.StdOutImpl' adapter.
11:10:18.516 [main] DEBUG org.mybatis.spring.SqlSessionFactoryBean - Parsed configuration file: 'class path resource [mybatis-config.xml]'
11:10:18.547 [main] DEBUG org.mybatis.spring.SqlSessionFactoryBean - Parsed mapper file: 'file [D:\fos\target\classes\mapper\MovieDao.xml]'
11:10:18.547 [main] DEBUG org.mybatis.spring.SqlSessionFactoryBean - Parsed mapper file: 'file [D:\fos\target\classes\mapper\MovieTypeDao.xml]'
11:10:18.563 [main] DEBUG org.mybatis.spring.SqlSessionFactoryBean - Parsed mapper file: 'file [D:\fos\target\classes\mapper\UserDao.xml]'
Creating a new SqlSession
SqlSession [org.apache.ibatis.session.defaults.DefaultSqlSession@1c18ee69] was not registered for synchronization because synchronization is not active
Closing non transactional SqlSession [org.apache.ibatis.session.defaults.DefaultSqlSession@1c18ee69]
]]></system-out>
    <system-err><![CDATA[五月 24, 2019 11:10:15 上午 org.springframework.test.context.support.DefaultTestContextBootstrapper getDefaultTestExecutionListenerClassNames
信息: Loaded default TestExecutionListener class names from location [META-INF/spring.factories]: [org.springframework.test.context.web.ServletTestExecutionListener, org.springframework.test.context.support.DirtiesContextBeforeModesTestExecutionListener, org.springframework.test.context.support.DependencyInjectionTestExecutionListener, org.springframework.test.context.support.DirtiesContextTestExecutionListener, org.springframework.test.context.transaction.TransactionalTestExecutionListener, org.springframework.test.context.jdbc.SqlScriptsTestExecutionListener]
五月 24, 2019 11:10:15 上午 org.springframework.test.context.support.DefaultTestContextBootstrapper getTestExecutionListeners
信息: Using TestExecutionListeners: [org.springframework.test.context.web.ServletTestExecutionListener@29ca901e, org.springframework.test.context.support.DirtiesContextBeforeModesTestExecutionListener@5649fd9b, org.springframework.test.context.support.DependencyInjectionTestExecutionListener@6adede5, org.springframework.test.context.support.DirtiesContextTestExecutionListener@2d928643, org.springframework.test.context.transaction.TransactionalTestExecutionListener@5025a98f, org.springframework.test.context.jdbc.SqlScriptsTestExecutionListener@49993335]
五月 24, 2019 11:10:15 上午 org.springframework.beans.factory.xml.XmlBeanDefinitionReader loadBeanDefinitions
信息: Loading XML bean definitions from class path resource [spring/spring-dao.xml]
五月 24, 2019 11:10:15 上午 org.springframework.beans.factory.xml.XmlBeanDefinitionReader loadBeanDefinitions
信息: Loading XML bean definitions from class path resource [spring/spring-service.xml]
五月 24, 2019 11:10:17 上午 org.springframework.context.support.GenericApplicationContext prepareRefresh
信息: Refreshing org.springframework.context.support.GenericApplicationContext@627551fb: startup date [Fri May 24 11:10:17 CST 2019]; root of context hierarchy
五月 24, 2019 11:10:18 上午 com.mchange.v2.log.MLog <clinit>
信息: MLog clients using java 1.4+ standard logging.
五月 24, 2019 11:10:18 上午 com.mchange.v2.c3p0.C3P0Registry banner
信息: Initializing c3p0-0.9.1.2 [built 21-May-2007 15:04:56; debug? true; trace: 10]
五月 24, 2019 11:10:18 上午 com.mchange.v2.c3p0.impl.AbstractPoolBackedDataSource getPoolManager
信息: Initializing c3p0 pool... com.mchange.v2.c3p0.ComboPooledDataSource [ acquireIncrement -> 3, acquireRetryAttempts -> 2, acquireRetryDelay -> 1000, autoCommitOnClose -> false, automaticTestTable -> null, breakAfterAcquireFailure -> false, checkoutTimeout -> 10000, connectionCustomizerClassName -> null, connectionTesterClassName -> com.mchange.v2.c3p0.impl.DefaultConnectionTester, dataSourceName -> 2rwj6ra21sbk9y41czhykv|3c17bd0b, debugUnreturnedConnectionStackTraces -> false, description -> null, driverClass -> com.mysql.jdbc.Driver, factoryClassLocation -> null, forceIgnoreUnresolvedTransactions -> false, identityToken -> 2rwj6ra21sbk9y41czhykv|3c17bd0b, idleConnectionTestPeriod -> 0, initialPoolSize -> 3, jdbcUrl -> jdbc:mysql://localhost:3306/fos?useUnicode=true&characterEncoding=utf8, maxAdministrativeTaskTime -> 0, maxConnectionAge -> 0, maxIdleTime -> 0, maxIdleTimeExcessConnections -> 0, maxPoolSize -> 30, maxStatements -> 0, maxStatementsPerConnection -> 0, minPoolSize -> 10, numHelperThreads -> 3, numThreadsAwaitingCheckoutDefaultUser -> 0, preferredTestQuery -> null, properties -> {user=******, password=******}, propertyCycle -> 0, testConnectionOnCheckin -> false, testConnectionOnCheckout -> false, unreturnedConnectionTimeout -> 0, usesTraditionalReflectiveProxies -> false ]
五月 24, 2019 11:10:19 上午 com.mchange.v2.resourcepool.BasicResourcePool$AcquireTask run
警告: com.mchange.v2.resourcepool.BasicResourcePool$AcquireTask@591955ee -- Acquisition Attempt Failed!!! Clearing pending acquires. While trying to acquire a needed new resource, we failed to succeed more than the maximum number of allowed acquisition attempts (2). Last acquisition attempt exception: 
java.sql.SQLException: Access denied for user 'root'@'localhost' (using password: YES)
	at com.mysql.jdbc.SQLError.createSQLException(SQLError.java:957)
	at com.mysql.jdbc.MysqlIO.checkErrorPacket(MysqlIO.java:3878)
	at com.mysql.jdbc.MysqlIO.checkErrorPacket(MysqlIO.java:3814)
	at com.mysql.jdbc.MysqlIO.checkErrorPacket(MysqlIO.java:871)
	at com.mysql.jdbc.MysqlIO.proceedHandshakeWithPluggableAuthentication(MysqlIO.java:1694)
	at com.mysql.jdbc.MysqlIO.doHandshake(MysqlIO.java:1215)
	at com.mysql.jdbc.ConnectionImpl.coreConnect(ConnectionImpl.java:2255)
	at com.mysql.jdbc.ConnectionImpl.connectOneTryOnly(ConnectionImpl.java:2286)
	at com.mysql.jdbc.ConnectionImpl.createNewIO(ConnectionImpl.java:2085)
	at com.mysql.jdbc.ConnectionImpl.<init>(ConnectionImpl.java:795)
	at com.mysql.jdbc.JDBC4Connection.<init>(JDBC4Connection.java:44)
	at sun.reflect.NativeConstructorAccessorImpl.newInstance0(Native Method)
	at sun.reflect.NativeConstructorAccessorImpl.newInstance(NativeConstructorAccessorImpl.java:62)
	at sun.reflect.DelegatingConstructorAccessorImpl.newInstance(DelegatingConstructorAccessorImpl.java:45)
	at java.lang.reflect.Constructor.newInstance(Constructor.java:423)
	at com.mysql.jdbc.Util.handleNewInstance(Util.java:404)
	at com.mysql.jdbc.ConnectionImpl.getInstance(ConnectionImpl.java:400)
	at com.mysql.jdbc.NonRegisteringDriver.connect(NonRegisteringDriver.java:327)
	at com.mchange.v2.c3p0.DriverManagerDataSource.getConnection(DriverManagerDataSource.java:134)
	at com.mchange.v2.c3p0.WrapperConnectionPoolDataSource.getPooledConnection(WrapperConnectionPoolDataSource.java:182)
	at com.mchange.v2.c3p0.WrapperConnectionPoolDataSource.getPooledConnection(WrapperConnectionPoolDataSource.java:171)
	at com.mchange.v2.c3p0.impl.C3P0PooledConnectionPool$1PooledConnectionResourcePoolManager.acquireResource(C3P0PooledConnectionPool.java:137)
	at com.mchange.v2.resourcepool.BasicResourcePool.doAcquire(BasicResourcePool.java:1014)
	at com.mchange.v2.resourcepool.BasicResourcePool.access$800(BasicResourcePool.java:32)
	at com.mchange.v2.resourcepool.BasicResourcePool$AcquireTask.run(BasicResourcePool.java:1810)
	at com.mchange.v2.async.ThreadPoolAsynchronousRunner$PoolThread.run(ThreadPoolAsynchronousRunner.java:547)

五月 24, 2019 11:10:19 上午 com.mchange.v2.resourcepool.BasicResourcePool$AcquireTask run
警告: com.mchange.v2.resourcepool.BasicResourcePool$AcquireTask@4edb1b9a -- Acquisition Attempt Failed!!! Clearing pending acquires. While trying to acquire a needed new resource, we failed to succeed more than the maximum number of allowed acquisition attempts (2). Last acquisition attempt exception: 
java.sql.SQLException: Access denied for user 'root'@'localhost' (using password: YES)
	at com.mysql.jdbc.SQLError.createSQLException(SQLError.java:957)
	at com.mysql.jdbc.MysqlIO.checkErrorPacket(MysqlIO.java:3878)
	at com.mysql.jdbc.MysqlIO.checkErrorPacket(MysqlIO.java:3814)
	at com.mysql.jdbc.MysqlIO.checkErrorPacket(MysqlIO.java:871)
	at com.mysql.jdbc.MysqlIO.proceedHandshakeWithPluggableAuthentication(MysqlIO.java:1694)
	at com.mysql.jdbc.MysqlIO.doHandshake(MysqlIO.java:1215)
	at com.mysql.jdbc.ConnectionImpl.coreConnect(ConnectionImpl.java:2255)
	at com.mysql.jdbc.ConnectionImpl.connectOneTryOnly(ConnectionImpl.java:2286)
	at com.mysql.jdbc.ConnectionImpl.createNewIO(ConnectionImpl.java:2085)
	at com.mysql.jdbc.ConnectionImpl.<init>(ConnectionImpl.java:795)
	at com.mysql.jdbc.JDBC4Connection.<init>(JDBC4Connection.java:44)
	at sun.reflect.NativeConstructorAccessorImpl.newInstance0(Native Method)
	at sun.reflect.NativeConstructorAccessorImpl.newInstance(NativeConstructorAccessorImpl.java:62)
	at sun.reflect.DelegatingConstructorAccessorImpl.newInstance(DelegatingConstructorAccessorImpl.java:45)
	at java.lang.reflect.Constructor.newInstance(Constructor.java:423)
	at com.mysql.jdbc.Util.handleNewInstance(Util.java:404)
	at com.mysql.jdbc.ConnectionImpl.getInstance(ConnectionImpl.java:400)
	at com.mysql.jdbc.NonRegisteringDriver.connect(NonRegisteringDriver.java:327)
	at com.mchange.v2.c3p0.DriverManagerDataSource.getConnection(DriverManagerDataSource.java:134)
	at com.mchange.v2.c3p0.WrapperConnectionPoolDataSource.getPooledConnection(WrapperConnectionPoolDataSource.java:182)
	at com.mchange.v2.c3p0.WrapperConnectionPoolDataSource.getPooledConnection(WrapperConnectionPoolDataSource.java:171)
	at com.mchange.v2.c3p0.impl.C3P0PooledConnectionPool$1PooledConnectionResourcePoolManager.acquireResource(C3P0PooledConnectionPool.java:137)
	at com.mchange.v2.resourcepool.BasicResourcePool.doAcquire(BasicResourcePool.java:1014)
	at com.mchange.v2.resourcepool.BasicResourcePool.access$800(BasicResourcePool.java:32)
	at com.mchange.v2.resourcepool.BasicResourcePool$AcquireTask.run(BasicResourcePool.java:1810)
	at com.mchange.v2.async.ThreadPoolAsynchronousRunner$PoolThread.run(ThreadPoolAsynchronousRunner.java:547)

五月 24, 2019 11:10:19 上午 com.mchange.v2.resourcepool.BasicResourcePool$AcquireTask run
警告: com.mchange.v2.resourcepool.BasicResourcePool$AcquireTask@68344df4 -- Acquisition Attempt Failed!!! Clearing pending acquires. While trying to acquire a needed new resource, we failed to succeed more than the maximum number of allowed acquisition attempts (2). Last acquisition attempt exception: 
java.sql.SQLException: Access denied for user 'root'@'localhost' (using password: YES)
	at com.mysql.jdbc.SQLError.createSQLException(SQLError.java:957)
	at com.mysql.jdbc.MysqlIO.checkErrorPacket(MysqlIO.java:3878)
	at com.mysql.jdbc.MysqlIO.checkErrorPacket(MysqlIO.java:3814)
	at com.mysql.jdbc.MysqlIO.checkErrorPacket(MysqlIO.java:871)
	at com.mysql.jdbc.MysqlIO.proceedHandshakeWithPluggableAuthentication(MysqlIO.java:1694)
	at com.mysql.jdbc.MysqlIO.doHandshake(MysqlIO.java:1215)
	at com.mysql.jdbc.ConnectionImpl.coreConnect(ConnectionImpl.java:2255)
	at com.mysql.jdbc.ConnectionImpl.connectOneTryOnly(ConnectionImpl.java:2286)
	at com.mysql.jdbc.ConnectionImpl.createNewIO(ConnectionImpl.java:2085)
	at com.mysql.jdbc.ConnectionImpl.<init>(ConnectionImpl.java:795)
	at com.mysql.jdbc.JDBC4Connection.<init>(JDBC4Connection.java:44)
	at sun.reflect.NativeConstructorAccessorImpl.newInstance0(Native Method)
	at sun.reflect.NativeConstructorAccessorImpl.newInstance(NativeConstructorAccessorImpl.java:62)
	at sun.reflect.DelegatingConstructorAccessorImpl.newInstance(DelegatingConstructorAccessorImpl.java:45)
	at java.lang.reflect.Constructor.newInstance(Constructor.java:423)
	at com.mysql.jdbc.Util.handleNewInstance(Util.java:404)
	at com.mysql.jdbc.ConnectionImpl.getInstance(ConnectionImpl.java:400)
	at com.mysql.jdbc.NonRegisteringDriver.connect(NonRegisteringDriver.java:327)
	at com.mchange.v2.c3p0.DriverManagerDataSource.getConnection(DriverManagerDataSource.java:134)
	at com.mchange.v2.c3p0.WrapperConnectionPoolDataSource.getPooledConnection(WrapperConnectionPoolDataSource.java:182)
	at com.mchange.v2.c3p0.WrapperConnectionPoolDataSource.getPooledConnection(WrapperConnectionPoolDataSource.java:171)
	at com.mchange.v2.c3p0.impl.C3P0PooledConnectionPool$1PooledConnectionResourcePoolManager.acquireResource(C3P0PooledConnectionPool.java:137)
	at com.mchange.v2.resourcepool.BasicResourcePool.doAcquire(BasicResourcePool.java:1014)
	at com.mchange.v2.resourcepool.BasicResourcePool.access$800(BasicResourcePool.java:32)
	at com.mchange.v2.resourcepool.BasicResourcePool$AcquireTask.run(BasicResourcePool.java:1810)
	at com.mchange.v2.async.ThreadPoolAsynchronousRunner$PoolThread.run(ThreadPoolAsynchronousRunner.java:547)

]]></system-err>
  </testcase>
</testsuite>